0 info it worked if it ends with ok
1 verbose cli [ 'C:\\Program Files\\nodejs\\node.exe',
1 verbose cli   'C:\\Program Files\\nodejs\\node_modules\\npm\\bin\\npm-cli.js',
1 verbose cli   'start' ]
2 info using npm@3.10.9
3 info using node@v6.9.2
4 verbose run-script [ 'prestart', 'start', 'poststart' ]
5 info lifecycle backend@0.0.0~prestart: backend@0.0.0
6 silly lifecycle backend@0.0.0~prestart: no script for prestart, continuing
7 info lifecycle backend@0.0.0~start: backend@0.0.0
8 verbose lifecycle backend@0.0.0~start: unsafe-perm in lifecycle true
9 verbose lifecycle backend@0.0.0~start: PATH: C:\Program Files\nodejs\node_modules\npm\bin\node-gyp-bin;D:\Work\Projects\NodeJS\OngNhuaHMT\backend\node_modules\.bin;C:\Users\hao.nguyen\AppData\Roaming\npm\nodemon;C:\oraclexe\app\oracle\product\11.2.0\server\bin;C:\OpenSSL-Win64\bin;C:\j2sdk1.4.2_09\\bin;C:\Program Files (x86)\Intel\iCLS Client\;C:\Program Files\Intel\iCLS Client\;C:\Windows\system32;C:\Windows;C:\Windows\System32\Wbem;C:\Windows\System32\WindowsPowerShell\v1.0\;C:\Program Files\Lenovo\Fingerprint Manager Pro\;C:\Program Files\Intel\Intel(R) Management Engine Components\DAL;C:\Program Files (x86)\Intel\Intel(R) Management Engine Components\DAL;C:\Program Files\Intel\Intel(R) Management Engine Components\IPT;C:\Program Files (x86)\Intel\Intel(R) Management Engine Components\IPT;C:\Program Files\Intel\WiFi\bin\;C:\Program Files\Common Files\Intel\WirelessCommon\;C:\Program Files (x86)\Skype\Phone\;C:\Program Files\TortoiseSVN\bin;C:\Program Files (x86)\Common Files\Adobe\AGL;C:\Program Files (x86)\MySQL\MySQL Fabric 1.5 & MySQL Utilities 1.5\;C:\Program Files (x86)\MySQL\MySQL Fabric 1.5 & MySQL Utilities 1.5\Doctrine extensions for PHP\;C:\Program Files\VisualSVN Server\bin;C:\Program Files\nodejs\;C:\Program Files\Puppet Labs\Puppet\bin;C:\Program Files\Git\cmd;C:\Program Files\Heroku\bin;C:\Users\hao.nguyen\AppData\Roaming\npm\nodemon;C:\Users\hao.nguyen\AppData\Roaming\npm\here;C:\Users\hao.nguyen\AppData\Roaming\npm\nodemon;C:\oraclexe\app\oracle\product\11.2.0\server\bin;C:\OpenSSL-Win64\bin;C:\j2sdk1.4.2_09\\bin;C:\Program Files (x86)\Intel\iCLS Client\;C:\Program Files\Intel\iCLS Client\;C:\Windows\system32;C:\Windows;C:\Windows\System32\Wbem;C:\Windows\System32\WindowsPowerShell\v1.0\;C:\Program Files\Lenovo\Fingerprint Manager Pro\;C:\Program Files\Intel\Intel(R) Management Engine Components\DAL;C:\Program Files (x86)\Intel\Intel(R) Management Engine Components\DAL;C:\Program Files\Intel\Intel(R) Management Engine Components\IPT;C:\Program Files (x86)\Intel\Intel(R) Management Engine Components\IPT;C:\Program Files\Intel\WiFi\bin\;C:\Program Files\Common Files\Intel\WirelessCommon\;C:\Program Files (x86)\Skype\Phone\;C:\Program Files\TortoiseSVN\bin;C:\Program Files (x86)\Common Files\Adobe\AGL;C:\Program Files (x86)\MySQL\MySQL Fabric 1.5 & MySQL Utilities 1.5\;C:\Program Files (x86)\MySQL\MySQL Fabric 1.5 & MySQL Utilities 1.5\Doctrine extensions for PHP\;C:\Program Files\VisualSVN Server\bin;C:\Program Files\nodejs\;C:\Program Files\Puppet Labs\Puppet\bin;C:\Program Files\Git\cmd
10 verbose lifecycle backend@0.0.0~start: CWD: D:\Work\Projects\NodeJS\OngNhuaHMT\backend
11 silly lifecycle backend@0.0.0~start: Args: [ '/d /s /c', 'node ./bin/www' ]
12 verbose stack Error: kill ENOSYS
12 verbose stack     at exports._errnoException (util.js:1022:11)
12 verbose stack     at process.kill (internal/process.js:172:13)
12 verbose stack     at process.listener (C:\Program Files\nodejs\node_modules\npm\node_modules\npmlog\node_modules\gauge\node_modules\signal-exit\index.js:86:15)
12 verbose stack     at emitNone (events.js:91:20)
12 verbose stack     at process.emit (events.js:185:7)
12 verbose stack     at processEmit (C:\Program Files\nodejs\node_modules\npm\node_modules\npmlog\node_modules\gauge\node_modules\signal-exit\index.js:146:32)
12 verbose stack     at processEmit (C:\Program Files\nodejs\node_modules\npm\node_modules\npm-registry-client\node_modules\npmlog\node_modules\gauge\node_modules\signal-exit\index.js:146:32)
12 verbose stack     at Signal.wrap.onsignal (internal/process.js:199:44)
13 verbose cwd D:\Work\Projects\NodeJS\OngNhuaHMT\backend
14 error Windows_NT 6.1.7601
15 error argv "C:\\Program Files\\nodejs\\node.exe" "C:\\Program Files\\nodejs\\node_modules\\npm\\bin\\npm-cli.js" "start"
16 error node v6.9.2
17 error npm  v3.10.9
18 error code ENOSYS
19 error errno ENOSYS
20 error syscall kill
21 error kill ENOSYS
22 error If you need help, you may report this error at:
22 error     <https://github.com/npm/npm/issues>
23 verbose exit [ 1, true ]
